** Message: environement.vala:58: Exporting primary_variable
** Message: environement.vala:59: desktop_environnement XDG_CURRENT_DESKTOP
** Message: environement.vala:149: confir_dirs is null, export : /etc/xdg
** Message: environement.vala:183: Exporting XDG_CONFIG_DIRS
** Message: environement.vala:190: data_dirs is null, export : /usr/local/share:/usr/share:/usr/share/gdm:/var/lib/menu-xdg
** Message: environement.vala:224: Exporting XDG_DATA_DIRS
** Message: utils.vala:79: Config system location : /etc/xdg/lxsession/LXDE
** Message: utils.vala:85: System system path location : (null)
** Message: utils.vala:89: Final file used : (null)

(x-session-manager:2385): GLib-CRITICAL **: g_key_file_load_from_file: assertion 'file != NULL' failed
** Message: settings.vala:513: Key file does not have group 'Session'
** Message: settings.vala:619: Create new config key: Session;window_manager;;
** Message: settings.vala:513: Key file does not have group 'Session'
** Message: settings.vala:105: Enter if of read_value for Session, window_manager, (null), string, (null): 
** Message: settings.vala:513: Key file does not have group 'Session'
** Message: settings.vala:513: Key file does not have group 'Session'
** Message: settings.vala:513: Key file does not have group 'Session'
** Message: settings.vala:513: Key file does not have group 'Session'
** Message: settings.vala:513: Key file does not have group 'Session'
** Message: settings.vala:513: Key file does not have group 'Session'
** Message: settings.vala:513: Key file does not have group 'Session'
** Message: settings.vala:513: Key file does not have group 'Session'
** Message: settings.vala:513: Key file does not have group 'Session'
** Message: settings.vala:513: Key file does not have group 'Session'
** Message: settings.vala:513: Key file does not have group 'Session'
** Message: settings.vala:619: Create new config key: Session;screensaver;command;
** Message: settings.vala:513: Key file does not have group 'Session'
** Message: settings.vala:105: Enter if of read_value for Session, screensaver, command, string, (null): 
** Message: settings.vala:619: Create new config key: Session;power_manager;command;
** Message: settings.vala:513: Key file does not have group 'Session'
** Message: settings.vala:105: Enter if of read_value for Session, power_manager, command, string, (null): 
** Message: settings.vala:619: Create new config key: Session;polkit;command;
** Message: settings.vala:513: Key file does not have group 'Session'
** Message: settings.vala:105: Enter if of read_value for Session, polkit, command, string, (null): 
** Message: settings.vala:619: Create new config key: Session;audio_manager;command;
** Message: settings.vala:513: Key file does not have group 'Session'
** Message: settings.vala:105: Enter if of read_value for Session, audio_manager, command, string, (null): 
** Message: settings.vala:619: Create new config key: Session;quit_manager;command;
** Message: settings.vala:513: Key file does not have group 'Session'
** Message: settings.vala:105: Enter if of read_value for Session, quit_manager, command, string, (null): 
** Message: settings.vala:513: Key file does not have group 'Session'
** Message: settings.vala:619: Create new config key: Session;workspace_manager;command;
** Message: settings.vala:513: Key file does not have group 'Session'
** Message: settings.vala:105: Enter if of read_value for Session, workspace_manager, command, string, (null): 
** Message: settings.vala:619: Create new config key: Session;terminal_manager;command;
** Message: settings.vala:513: Key file does not have group 'Session'
** Message: settings.vala:105: Enter if of read_value for Session, terminal_manager, command, string, (null): 
** Message: settings.vala:619: Create new config key: Session;screenshot_manager;command;
** Message: settings.vala:513: Key file does not have group 'Session'
** Message: settings.vala:105: Enter if of read_value for Session, screenshot_manager, command, string, (null): 
** Message: settings.vala:619: Create new config key: Session;lock_manager;command;
** Message: settings.vala:513: Key file does not have group 'Session'
** Message: settings.vala:105: Enter if of read_value for Session, lock_manager, command, string, (null): 
** Message: settings.vala:619: Create new config key: Session;message_manager;command;
** Message: settings.vala:513: Key file does not have group 'Session'
** Message: settings.vala:105: Enter if of read_value for Session, message_manager, command, string, (null): 
** Message: settings.vala:619: Create new config key: Session;upgrade_manager;command;
** Message: settings.vala:513: Key file does not have group 'Session'
** Message: settings.vala:105: Enter if of read_value for Session, upgrade_manager, command, string, (null): 
** Message: settings.vala:619: Create new config key: Session;clipboard;command;
** Message: settings.vala:513: Key file does not have group 'Session'
** Message: settings.vala:105: Enter if of read_value for Session, clipboard, command, string, (null): 
** Message: settings.vala:619: Create new config key: Session;disable_autostart;;
** Message: settings.vala:513: Key file does not have group 'Session'
** Message: settings.vala:105: Enter if of read_value for Session, disable_autostart, (null), string, (null): 
** Message: settings.vala:619: Create new config key: Session;upstart_user_session;;
** Message: settings.vala:513: Key file does not have group 'Session'
** Message: settings.vala:105: Enter if of read_value for Session, upstart_user_session, (null), string, (null): 
** Message: settings.vala:619: Create new config key: Session;xsettings_manager;command;
** Message: settings.vala:513: Key file does not have group 'Session'
** Message: settings.vala:105: Enter if of read_value for Session, xsettings_manager, command, string, (null): 
** Message: settings.vala:619: Create new config key: Session;proxy_manager;command;
** Message: settings.vala:513: Key file does not have group 'Session'
** Message: settings.vala:105: Enter if of read_value for Session, proxy_manager, command, string, (null): 
** Message: settings.vala:619: Create new config key: Session;proxy_manager;http;
** Message: settings.vala:513: Key file does not have group 'Session'
** Message: settings.vala:105: Enter if of read_value for Session, proxy_manager, http, string, (null): 
** Message: settings.vala:619: Create new config key: Session;a11y;command;
** Message: settings.vala:513: Key file does not have group 'Session'
** Message: settings.vala:105: Enter if of read_value for Session, a11y, command, string, (null): 
** Message: settings.vala:619: Create new config key: Session;keyring;command;
** Message: settings.vala:513: Key file does not have group 'Session'
** Message: settings.vala:105: Enter if of read_value for Session, keyring, command, string, (null): 
** Message: settings.vala:619: Create new config key: Session;xrandr;command;
** Message: settings.vala:513: Key file does not have group 'Session'
** Message: settings.vala:105: Enter if of read_value for Session, xrandr, command, string, (null): 
** Message: settings.vala:619: Create new config key: Session;webbrowser;command;
** Message: settings.vala:513: Key file does not have group 'Session'
** Message: settings.vala:105: Enter if of read_value for Session, webbrowser, command, string, (null): 
** Message: settings.vala:619: Create new config key: Session;email;command;
** Message: settings.vala:513: Key file does not have group 'Session'
** Message: settings.vala:105: Enter if of read_value for Session, email, command, string, (null): 
** Message: settings.vala:619: Create new config key: Session;pdf_reader;command;
** Message: settings.vala:513: Key file does not have group 'Session'
** Message: settings.vala:105: Enter if of read_value for Session, pdf_reader, command, string, (null): 
** Message: settings.vala:619: Create new config key: Session;video_player;command;
** Message: settings.vala:513: Key file does not have group 'Session'
** Message: settings.vala:105: Enter if of read_value for Session, video_player, command, string, (null): 
** Message: settings.vala:619: Create new config key: Session;audio_player;command;
** Message: settings.vala:513: Key file does not have group 'Session'
** Message: settings.vala:105: Enter if of read_value for Session, audio_player, command, string, (null): 
** Message: settings.vala:619: Create new config key: Session;images_display;command;
** Message: settings.vala:513: Key file does not have group 'Session'
** Message: settings.vala:105: Enter if of read_value for Session, images_display, command, string, (null): 
** Message: settings.vala:619: Create new config key: Session;text_editor;command;
** Message: settings.vala:513: Key file does not have group 'Session'
** Message: settings.vala:105: Enter if of read_value for Session, text_editor, command, string, (null): 
** Message: settings.vala:619: Create new config key: Session;archive;command;
** Message: settings.vala:513: Key file does not have group 'Session'
** Message: settings.vala:105: Enter if of read_value for Session, archive, command, string, (null): 
** Message: settings.vala:619: Create new config key: Session;charmap;command;
** Message: settings.vala:513: Key file does not have group 'Session'
** Message: settings.vala:105: Enter if of read_value for Session, charmap, command, string, (null): 
** Message: settings.vala:619: Create new config key: Session;calculator;command;
** Message: settings.vala:513: Key file does not have group 'Session'
** Message: settings.vala:105: Enter if of read_value for Session, calculator, command, string, (null): 
** Message: settings.vala:619: Create new config key: Session;spreadsheet;command;
** Message: settings.vala:513: Key file does not have group 'Session'
** Message: settings.vala:105: Enter if of read_value for Session, spreadsheet, command, string, (null): 
** Message: settings.vala:619: Create new config key: Session;bittorent;command;
** Message: settings.vala:513: Key file does not have group 'Session'
** Message: settings.vala:105: Enter if of read_value for Session, bittorent, command, string, (null): 
** Message: settings.vala:619: Create new config key: Session;document;command;
** Message: settings.vala:513: Key file does not have group 'Session'
** Message: settings.vala:105: Enter if of read_value for Session, document, command, string, (null): 
** Message: settings.vala:619: Create new config key: Session;webcam;command;
** Message: settings.vala:513: Key file does not have group 'Session'
** Message: settings.vala:105: Enter if of read_value for Session, webcam, command, string, (null): 
** Message: settings.vala:619: Create new config key: Session;burn;command;
** Message: settings.vala:513: Key file does not have group 'Session'
** Message: settings.vala:105: Enter if of read_value for Session, burn, command, string, (null): 
** Message: settings.vala:619: Create new config key: Session;notes;command;
** Message: settings.vala:513: Key file does not have group 'Session'
** Message: settings.vala:105: Enter if of read_value for Session, notes, command, string, (null): 
** Message: settings.vala:619: Create new config key: Session;disk_utility;command;
** Message: settings.vala:513: Key file does not have group 'Session'
** Message: settings.vala:105: Enter if of read_value for Session, disk_utility, command, string, (null): 
** Message: settings.vala:619: Create new config key: Session;tasks;command;
** Message: settings.vala:513: Key file does not have group 'Session'
** Message: settings.vala:105: Enter if of read_value for Session, tasks, command, string, (null): 
** Message: settings.vala:513: Key file does not have group 'Keymap'
** Message: settings.vala:619: Create new config key: State;laptop_mode;;
** Message: settings.vala:513: Key file does not have group 'State'
** Message: settings.vala:105: Enter if of read_value for State, laptop_mode, (null), string, (null): 
** Message: settings.vala:619: Create new config key: State;guess_default;;
** Message: settings.vala:513: Key file does not have group 'State'
** Message: settings.vala:105: Enter if of read_value for State, guess_default, (null), string, (null): 
** Message: settings.vala:619: Create new config key: Dbus;lxde;;
** Message: settings.vala:513: Key file does not have group 'Dbus'
** Message: settings.vala:105: Enter if of read_value for Dbus, lxde, (null), string, (null): 
** Message: settings.vala:619: Create new config key: Dbus;gnome;;
** Message: settings.vala:513: Key file does not have group 'Dbus'
** Message: settings.vala:105: Enter if of read_value for Dbus, gnome, (null), string, (null): 
** Message: settings.vala:619: Create new config key: Updates;type;;
** Message: settings.vala:513: Key file does not have group 'Updates'
** Message: settings.vala:105: Enter if of read_value for Updates, type, (null), string, (null): 
** Message: settings.vala:619: Create new config key: Environment;type;;
** Message: settings.vala:513: Key file does not have group 'Environment'
** Message: settings.vala:105: Enter if of read_value for Environment, type, (null), string, (null): 
** Message: settings.vala:619: Create new config key: Environment;menu_prefix;;
** Message: settings.vala:513: Key file does not have group 'Environment'
** Message: settings.vala:105: Enter if of read_value for Environment, menu_prefix, (null), string, (null): 
** Message: settings.vala:619: Create new config key: GTK;sNet;ThemeName;
** Message: settings.vala:513: Key file does not have group 'GTK'
** Message: settings.vala:105: Enter if of read_value for GTK, sNet, ThemeName, string, (null): 
** Message: settings.vala:619: Create new config key: GTK;sNet;IconThemeName;
** Message: settings.vala:513: Key file does not have group 'GTK'
** Message: settings.vala:105: Enter if of read_value for GTK, sNet, IconThemeName, string, (null): 
** Message: settings.vala:619: Create new config key: GTK;sGtk;FontName;
** Message: settings.vala:513: Key file does not have group 'GTK'
** Message: settings.vala:105: Enter if of read_value for GTK, sGtk, FontName, string, (null): 
** Message: settings.vala:619: Create new config key: GTK;iGtk;ToolbarStyle;
** Message: settings.vala:513: Key file does not have group 'GTK'
** Message: settings.vala:105: Enter if of read_value for GTK, iGtk, ToolbarStyle, string, (null): 
** Message: settings.vala:619: Create new config key: GTK;iGtk;ButtonImages;
** Message: settings.vala:513: Key file does not have group 'GTK'
** Message: settings.vala:105: Enter if of read_value for GTK, iGtk, ButtonImages, string, (null): 
** Message: settings.vala:619: Create new config key: GTK;iGtk;MenuImages;
** Message: settings.vala:513: Key file does not have group 'GTK'
** Message: settings.vala:105: Enter if of read_value for GTK, iGtk, MenuImages, string, (null): 
** Message: settings.vala:619: Create new config key: GTK;iGtk;CursorThemeSize;
** Message: settings.vala:513: Key file does not have group 'GTK'
** Message: settings.vala:105: Enter if of read_value for GTK, iGtk, CursorThemeSize, string, (null): 
** Message: settings.vala:619: Create new config key: GTK;iXft;Antialias;
** Message: settings.vala:513: Key file does not have group 'GTK'
** Message: settings.vala:105: Enter if of read_value for GTK, iXft, Antialias, string, (null): 
** Message: settings.vala:619: Create new config key: GTK;iXft;Hinting;
** Message: settings.vala:513: Key file does not have group 'GTK'
** Message: settings.vala:105: Enter if of read_value for GTK, iXft, Hinting, string, (null): 
** Message: settings.vala:619: Create new config key: GTK;sXft;HintStyle;
** Message: settings.vala:513: Key file does not have group 'GTK'
** Message: settings.vala:105: Enter if of read_value for GTK, sXft, HintStyle, string, (null): 
** Message: settings.vala:619: Create new config key: GTK;sXft;RGBA;
** Message: settings.vala:513: Key file does not have group 'GTK'
** Message: settings.vala:105: Enter if of read_value for GTK, sXft, RGBA, string, (null): 
** Message: settings.vala:619: Create new config key: GTK;sGtk;ColorScheme;
** Message: settings.vala:513: Key file does not have group 'GTK'
** Message: settings.vala:105: Enter if of read_value for GTK, sGtk, ColorScheme, string, (null): 
** Message: settings.vala:619: Create new config key: GTK;sGtk;CursorThemeName;
** Message: settings.vala:513: Key file does not have group 'GTK'
** Message: settings.vala:105: Enter if of read_value for GTK, sGtk, CursorThemeName, string, (null): 
** Message: settings.vala:619: Create new config key: GTK;iGtk;ToolbarIconSize;
** Message: settings.vala:513: Key file does not have group 'GTK'
** Message: settings.vala:105: Enter if of read_value for GTK, iGtk, ToolbarIconSize, string, (null): 
** Message: settings.vala:619: Create new config key: GTK;iNet;EnableEventSounds;
** Message: settings.vala:513: Key file does not have group 'GTK'
** Message: settings.vala:105: Enter if of read_value for GTK, iNet, EnableEventSounds, string, (null): 
** Message: settings.vala:619: Create new config key: GTK;iNet;EnableInputFeedbackSounds;
** Message: settings.vala:513: Key file does not have group 'GTK'
** Message: settings.vala:105: Enter if of read_value for GTK, iNet, EnableInputFeedbackSounds, string, (null): 
** Message: settings.vala:619: Create new config key: Mouse;AccFactor;;
** Message: settings.vala:513: Key file does not have group 'Mouse'
** Message: settings.vala:105: Enter if of read_value for Mouse, AccFactor, (null), string, (null): 
** Message: settings.vala:619: Create new config key: Mouse;AccThreshold;;
** Message: settings.vala:513: Key file does not have group 'Mouse'
** Message: settings.vala:105: Enter if of read_value for Mouse, AccThreshold, (null), string, (null): 
** Message: settings.vala:619: Create new config key: Mouse;LeftHanded;;
** Message: settings.vala:513: Key file does not have group 'Mouse'
** Message: settings.vala:105: Enter if of read_value for Mouse, LeftHanded, (null), string, (null): 
** Message: settings.vala:619: Create new config key: Keyboard;Delay;;
** Message: settings.vala:513: Key file does not have group 'Keyboard'
** Message: settings.vala:105: Enter if of read_value for Keyboard, Delay, (null), string, (null): 
** Message: settings.vala:619: Create new config key: Keyboard;Interval;;
** Message: settings.vala:513: Key file does not have group 'Keyboard'
** Message: settings.vala:105: Enter if of read_value for Keyboard, Interval, (null), string, (null): 
** Message: settings.vala:619: Create new config key: Keyboard;Beep;;
** Message: settings.vala:513: Key file does not have group 'Keyboard'
** Message: settings.vala:105: Enter if of read_value for Keyboard, Beep, (null), string, (null): 

(x-session-manager:2385): GLib-GIO-CRITICAL **: g_file_new_for_path: assertion 'path != NULL' failed

(x-session-manager:2385): GLib-GIO-CRITICAL **: g_file_monitor_file: assertion 'G_IS_FILE (file)' failed

(x-session-manager:2385): GLib-GObject-WARNING **: invalid (NULL) pointer instance

(x-session-manager:2385): GLib-GObject-CRITICAL **: g_signal_connect_object: assertion 'G_TYPE_CHECK_INSTANCE (instance)' failed
** Message: settings.vala:435: Monitoring: (null)

(x-session-manager:2385): GLib-GIO-CRITICAL **: g_file_get_path: assertion 'G_IS_FILE (file)' failed
** Message: settings.vala:443: Desktop file is not in config home, monitoring creation of it
** Message: settings.vala:458: Monitoring home path: /home/prop2017/.config/lxsession/LXDE/desktop.conf
** Message: settings.vala:346: Settings default for Session, disable_autostart, (null) : no
** Message: settings.vala:105: Enter if of read_value for Session, disable_autostart, (null), string, no: 
** Message: settings.vala:359: key of set_value: Session;disable_autostart;;
** Message: settings.vala:912: Changing Session - disable_autostart to no
** Message: settings.vala:860: Saving desktop file

(x-session-manager:2385): GLib-CRITICAL **: g_file_set_contents: assertion 'filename != NULL' failed
** Message: settings.vala:346: Settings default for Session, clipboard, command : lxclipboard
** Message: settings.vala:105: Enter if of read_value for Session, clipboard, command, string, lxclipboard: 
** Message: settings.vala:359: key of set_value: Session;clipboard;command;
** Message: settings.vala:924: Changing Session - clipboard - command to lxclipboard
** Message: settings.vala:860: Saving desktop file

(x-session-manager:2385): GLib-CRITICAL **: g_file_set_contents: assertion 'filename != NULL' failed
** Message: settings.vala:346: Settings default for Session, xsettings_manager, command : build-in
** Message: settings.vala:105: Enter if of read_value for Session, xsettings_manager, command, string, build-in: 
** Message: settings.vala:359: key of set_value: Session;xsettings_manager;command;
** Message: settings.vala:924: Changing Session - xsettings_manager - command to build-in
** Message: settings.vala:860: Saving desktop file

(x-session-manager:2385): GLib-CRITICAL **: g_file_set_contents: assertion 'filename != NULL' failed
** Message: settings.vala:346: Settings default for Session, proxy_manager, command : build-in
** Message: settings.vala:105: Enter if of read_value for Session, proxy_manager, command, string, build-in: 
** Message: settings.vala:359: key of set_value: Session;proxy_manager;command;
** Message: settings.vala:924: Changing Session - proxy_manager - command to build-in
** Message: settings.vala:860: Saving desktop file

(x-session-manager:2385): GLib-CRITICAL **: g_file_set_contents: assertion 'filename != NULL' failed
** Message: settings.vala:346: Settings default for Session, keyring, command : ssh-agent
** Message: settings.vala:105: Enter if of read_value for Session, keyring, command, string, ssh-agent: 
** Message: settings.vala:359: key of set_value: Session;keyring;command;
** Message: settings.vala:924: Changing Session - keyring - command to ssh-agent
** Message: settings.vala:860: Saving desktop file

(x-session-manager:2385): GLib-CRITICAL **: g_file_set_contents: assertion 'filename != NULL' failed
** Message: settings.vala:346: Settings default for GTK, iXft, Antialias : 1
** Message: settings.vala:105: Enter if of read_value for GTK, iXft, Antialias, string, 1: 
** Message: settings.vala:359: key of set_value: GTK;iXft;Antialias;
** Message: settings.vala:924: Changing GTK - iXft - Antialias to 1
** Message: settings.vala:860: Saving desktop file

(x-session-manager:2385): GLib-CRITICAL **: g_file_set_contents: assertion 'filename != NULL' failed
** Message: settings.vala:346: Settings default for GTK, iXft, Hinting : 1
** Message: settings.vala:105: Enter if of read_value for GTK, iXft, Hinting, string, 1: 
** Message: settings.vala:359: key of set_value: GTK;iXft;Hinting;
** Message: settings.vala:924: Changing GTK - iXft - Hinting to 1
** Message: settings.vala:860: Saving desktop file

(x-session-manager:2385): GLib-CRITICAL **: g_file_set_contents: assertion 'filename != NULL' failed
** Message: settings.vala:346: Settings default for GTK, sXft, HintStyle : hintslight
** Message: settings.vala:105: Enter if of read_value for GTK, sXft, HintStyle, string, hintslight: 
** Message: settings.vala:359: key of set_value: GTK;sXft;HintStyle;
** Message: settings.vala:924: Changing GTK - sXft - HintStyle to hintslight
** Message: settings.vala:860: Saving desktop file

(x-session-manager:2385): GLib-CRITICAL **: g_file_set_contents: assertion 'filename != NULL' failed
** Message: settings.vala:346: Settings default for GTK, sXft, RGBA : rgb
** Message: settings.vala:105: Enter if of read_value for GTK, sXft, RGBA, string, rgb: 
** Message: settings.vala:359: key of set_value: GTK;sXft;RGBA;
** Message: settings.vala:924: Changing GTK - sXft - RGBA to rgb
** Message: settings.vala:860: Saving desktop file

(x-session-manager:2385): GLib-CRITICAL **: g_file_set_contents: assertion 'filename != NULL' failed
** Message: settings.vala:346: Settings default for GTK, sNet, ThemeName : Clearlooks
** Message: settings.vala:105: Enter if of read_value for GTK, sNet, ThemeName, string, Clearlooks: 
** Message: settings.vala:359: key of set_value: GTK;sNet;ThemeName;
** Message: settings.vala:924: Changing GTK - sNet - ThemeName to Clearlooks
** Message: settings.vala:860: Saving desktop file

(x-session-manager:2385): GLib-CRITICAL **: g_file_set_contents: assertion 'filename != NULL' failed
** Message: settings.vala:346: Settings default for GTK, sNet, IconThemeName : nuoveXT2
** Message: settings.vala:105: Enter if of read_value for GTK, sNet, IconThemeName, string, nuoveXT2: 
** Message: settings.vala:359: key of set_value: GTK;sNet;IconThemeName;
** Message: settings.vala:924: Changing GTK - sNet - IconThemeName to nuoveXT2
** Message: settings.vala:860: Saving desktop file

(x-session-manager:2385): GLib-CRITICAL **: g_file_set_contents: assertion 'filename != NULL' failed
** Message: settings.vala:346: Settings default for GTK, iNet, EnableEventSounds : 1
** Message: settings.vala:105: Enter if of read_value for GTK, iNet, EnableEventSounds, string, 1: 
** Message: settings.vala:359: key of set_value: GTK;iNet;EnableEventSounds;
** Message: settings.vala:924: Changing GTK - iNet - EnableEventSounds to 1
** Message: settings.vala:860: Saving desktop file

(x-session-manager:2385): GLib-CRITICAL **: g_file_set_contents: assertion 'filename != NULL' failed
** Message: settings.vala:346: Settings default for GTK, iNet, EnableInputFeedbackSounds : 1
** Message: settings.vala:105: Enter if of read_value for GTK, iNet, EnableInputFeedbackSounds, string, 1: 
** Message: settings.vala:359: key of set_value: GTK;iNet;EnableInputFeedbackSounds;
** Message: settings.vala:924: Changing GTK - iNet - EnableInputFeedbackSounds to 1
** Message: settings.vala:860: Saving desktop file

(x-session-manager:2385): GLib-CRITICAL **: g_file_set_contents: assertion 'filename != NULL' failed
** Message: settings.vala:346: Settings default for GTK, iGtk, ColorScheme : 
** Message: settings.vala:359: key of set_value: GTK;iGtk;ColorScheme;
** Message: settings.vala:924: Changing GTK - iGtk - ColorScheme to 
** Message: settings.vala:860: Saving desktop file

(x-session-manager:2385): GLib-CRITICAL **: g_file_set_contents: assertion 'filename != NULL' failed
** Message: settings.vala:346: Settings default for GTK, sGtk, FontName : Sans 10
** Message: settings.vala:105: Enter if of read_value for GTK, sGtk, FontName, string, Sans 10: 
** Message: settings.vala:359: key of set_value: GTK;sGtk;FontName;
** Message: settings.vala:924: Changing GTK - sGtk - FontName to Sans 10
** Message: settings.vala:860: Saving desktop file

(x-session-manager:2385): GLib-CRITICAL **: g_file_set_contents: assertion 'filename != NULL' failed
** Message: settings.vala:346: Settings default for GTK, iGtk, ToolbarStyle : 3
** Message: settings.vala:105: Enter if of read_value for GTK, iGtk, ToolbarStyle, string, 3: 
** Message: settings.vala:359: key of set_value: GTK;iGtk;ToolbarStyle;
** Message: settings.vala:924: Changing GTK - iGtk - ToolbarStyle to 3
** Message: settings.vala:860: Saving desktop file

(x-session-manager:2385): GLib-CRITICAL **: g_file_set_contents: assertion 'filename != NULL' failed
** Message: settings.vala:346: Settings default for GTK, iGtk, ToolbarIconSize : 3
** Message: settings.vala:105: Enter if of read_value for GTK, iGtk, ToolbarIconSize, string, 3: 
** Message: settings.vala:359: key of set_value: GTK;iGtk;ToolbarIconSize;
** Message: settings.vala:924: Changing GTK - iGtk - ToolbarIconSize to 3
** Message: settings.vala:860: Saving desktop file

(x-session-manager:2385): GLib-CRITICAL **: g_file_set_contents: assertion 'filename != NULL' failed
** Message: settings.vala:346: Settings default for GTK, iGtk, ButtonImages : 1
** Message: settings.vala:105: Enter if of read_value for GTK, iGtk, ButtonImages, string, 1: 
** Message: settings.vala:359: key of set_value: GTK;iGtk;ButtonImages;
** Message: settings.vala:924: Changing GTK - iGtk - ButtonImages to 1
** Message: settings.vala:860: Saving desktop file

(x-session-manager:2385): GLib-CRITICAL **: g_file_set_contents: assertion 'filename != NULL' failed
** Message: settings.vala:346: Settings default for GTK, iGtk, MenuImages : 1
** Message: settings.vala:105: Enter if of read_value for GTK, iGtk, MenuImages, string, 1: 
** Message: settings.vala:359: key of set_value: GTK;iGtk;MenuImages;
** Message: settings.vala:924: Changing GTK - iGtk - MenuImages to 1
** Message: settings.vala:860: Saving desktop file

(x-session-manager:2385): GLib-CRITICAL **: g_file_set_contents: assertion 'filename != NULL' failed
** Message: settings.vala:346: Settings default for GTK, iGtk, CursorThemeSize : 18
** Message: settings.vala:105: Enter if of read_value for GTK, iGtk, CursorThemeSize, string, 18: 
** Message: settings.vala:359: key of set_value: GTK;iGtk;CursorThemeSize;
** Message: settings.vala:924: Changing GTK - iGtk - CursorThemeSize to 18
** Message: settings.vala:860: Saving desktop file

(x-session-manager:2385): GLib-CRITICAL **: g_file_set_contents: assertion 'filename != NULL' failed
** Message: settings.vala:346: Settings default for GTK, sGtk, CursorThemeName : DMZ-White
** Message: settings.vala:105: Enter if of read_value for GTK, sGtk, CursorThemeName, string, DMZ-White: 
** Message: settings.vala:359: key of set_value: GTK;sGtk;CursorThemeName;
** Message: settings.vala:924: Changing GTK - sGtk - CursorThemeName to DMZ-White
** Message: settings.vala:860: Saving desktop file

(x-session-manager:2385): GLib-CRITICAL **: g_file_set_contents: assertion 'filename != NULL' failed
** Message: settings.vala:346: Settings default for Mouse, AccFactor, (null) : 20
** Message: settings.vala:105: Enter if of read_value for Mouse, AccFactor, (null), string, 20: 
** Message: settings.vala:359: key of set_value: Mouse;AccFactor;;
** Message: settings.vala:912: Changing Mouse - AccFactor to 20
** Message: settings.vala:860: Saving desktop file

(x-session-manager:2385): GLib-CRITICAL **: g_file_set_contents: assertion 'filename != NULL' failed
** Message: settings.vala:346: Settings default for Mouse, AccThreshold, (null) : 10
** Message: settings.vala:105: Enter if of read_value for Mouse, AccThreshold, (null), string, 10: 
** Message: settings.vala:359: key of set_value: Mouse;AccThreshold;;
** Message: settings.vala:912: Changing Mouse - AccThreshold to 10
** Message: settings.vala:860: Saving desktop file

(x-session-manager:2385): GLib-CRITICAL **: g_file_set_contents: assertion 'filename != NULL' failed
** Message: settings.vala:346: Settings default for Mouse, LeftHanded, (null) : 0
** Message: settings.vala:105: Enter if of read_value for Mouse, LeftHanded, (null), string, 0: 
** Message: settings.vala:359: key of set_value: Mouse;LeftHanded;;
** Message: settings.vala:912: Changing Mouse - LeftHanded to 0
** Message: settings.vala:860: Saving desktop file

(x-session-manager:2385): GLib-CRITICAL **: g_file_set_contents: assertion 'filename != NULL' failed
** Message: settings.vala:346: Settings default for Keyboard, Delay, (null) : 500
** Message: settings.vala:105: Enter if of read_value for Keyboard, Delay, (null), string, 500: 
** Message: settings.vala:359: key of set_value: Keyboard;Delay;;
** Message: settings.vala:912: Changing Keyboard - Delay to 500
** Message: settings.vala:860: Saving desktop file

(x-session-manager:2385): GLib-CRITICAL **: g_file_set_contents: assertion 'filename != NULL' failed
** Message: settings.vala:346: Settings default for Keyboard, Interval, (null) : 30
** Message: settings.vala:105: Enter if of read_value for Keyboard, Interval, (null), string, 30: 
** Message: settings.vala:359: key of set_value: Keyboard;Interval;;
** Message: settings.vala:912: Changing Keyboard - Interval to 30
** Message: settings.vala:860: Saving desktop file

(x-session-manager:2385): GLib-CRITICAL **: g_file_set_contents: assertion 'filename != NULL' failed
** Message: settings.vala:346: Settings default for Keyboard, Beep, (null) : 1
** Message: settings.vala:105: Enter if of read_value for Keyboard, Beep, (null), string, 1: 
** Message: settings.vala:359: key of set_value: Keyboard;Beep;;
** Message: settings.vala:912: Changing Keyboard - Beep to 1
** Message: settings.vala:860: Saving desktop file

(x-session-manager:2385): GLib-CRITICAL **: g_file_set_contents: assertion 'filename != NULL' failed
** Message: settings.vala:346: Settings default for State, guess_default, (null) : true
** Message: settings.vala:105: Enter if of read_value for State, guess_default, (null), string, true: 
** Message: settings.vala:359: key of set_value: State;guess_default;;
** Message: settings.vala:912: Changing State - guess_default to true
** Message: settings.vala:860: Saving desktop file

(x-session-manager:2385): GLib-CRITICAL **: g_file_set_contents: assertion 'filename != NULL' failed
** Message: settings.vala:346: Settings default for Dbus, lxde, (null) : true
** Message: settings.vala:105: Enter if of read_value for Dbus, lxde, (null), string, true: 
** Message: settings.vala:359: key of set_value: Dbus;lxde;;
** Message: settings.vala:912: Changing Dbus - lxde to true
** Message: settings.vala:860: Saving desktop file

(x-session-manager:2385): GLib-CRITICAL **: g_file_set_contents: assertion 'filename != NULL' failed
** Message: settings.vala:346: Settings default for Environment, menu_prefix, (null) : lxde-
** Message: settings.vala:105: Enter if of read_value for Environment, menu_prefix, (null), string, lxde-: 
** Message: settings.vala:359: key of set_value: Environment;menu_prefix;;
** Message: settings.vala:912: Changing Environment - menu_prefix to lxde-
** Message: settings.vala:860: Saving desktop file

(x-session-manager:2385): GLib-CRITICAL **: g_file_set_contents: assertion 'filename != NULL' failed
** Message: settings.vala:346: Settings default for Session, quit_manager, command : lxsession-logout
** Message: settings.vala:105: Enter if of read_value for Session, quit_manager, command, string, lxsession-logout: 
** Message: settings.vala:359: key of set_value: Session;quit_manager;command;
** Message: settings.vala:924: Changing Session - quit_manager - command to lxsession-logout
** Message: settings.vala:860: Saving desktop file

(x-session-manager:2385): GLib-CRITICAL **: g_file_set_contents: assertion 'filename != NULL' failed
** Message: settings.vala:346: Settings default for Session, quit_manager, image : /usr/share/lxde/images/logout-banner.png
** Message: settings.vala:359: key of set_value: Session;quit_manager;image;
** Message: settings.vala:924: Changing Session - quit_manager - image to /usr/share/lxde/images/logout-banner.png
** Message: settings.vala:860: Saving desktop file

(x-session-manager:2385): GLib-CRITICAL **: g_file_set_contents: assertion 'filename != NULL' failed
** Message: settings.vala:346: Settings default for Session, quit_manager, layout : top
** Message: settings.vala:359: key of set_value: Session;quit_manager;layout;
** Message: settings.vala:924: Changing Session - quit_manager - layout to top
** Message: settings.vala:860: Saving desktop file

(x-session-manager:2385): GLib-CRITICAL **: g_file_set_contents: assertion 'filename != NULL' failed
** Message: settings.vala:346: Settings default for Session, lock_manager, command : lxlock
** Message: settings.vala:105: Enter if of read_value for Session, lock_manager, command, string, lxlock: 
** Message: settings.vala:359: key of set_value: Session;lock_manager;command;
** Message: settings.vala:924: Changing Session - lock_manager - command to lxlock
** Message: settings.vala:860: Saving desktop file

(x-session-manager:2385): GLib-CRITICAL **: g_file_set_contents: assertion 'filename != NULL' failed
** Message: settings.vala:346: Settings default for Session, terminal_manager, command : lxterminal
** Message: settings.vala:105: Enter if of read_value for Session, terminal_manager, command, string, lxterminal: 
** Message: settings.vala:359: key of set_value: Session;terminal_manager;command;
** Message: settings.vala:924: Changing Session - terminal_manager - command to lxterminal
** Message: settings.vala:860: Saving desktop file

(x-session-manager:2385): GLib-CRITICAL **: g_file_set_contents: assertion 'filename != NULL' failed
** Message: settings.vala:346: Settings default for Session, launcher_manager, command : lxpanelctl
** Message: settings.vala:359: key of set_value: Session;launcher_manager;command;
** Message: settings.vala:924: Changing Session - launcher_manager - command to lxpanelctl
** Message: settings.vala:860: Saving desktop file

(x-session-manager:2385): GLib-CRITICAL **: g_file_set_contents: assertion 'filename != NULL' failed
** Message: environement.vala:79: Exporting variable
** Message: environement.vala:80: desktop_environnement XDG_CURRENT_DESKTOP
** Message: environement.vala:176: custom_config :
** Message: environement.vala:177: config_dirs :/etc/xdg
** Message: environement.vala:178: confir_dirs not null, export : /etc/xdg
** Message: environement.vala:183: Exporting XDG_CONFIG_DIRS
** Message: environement.vala:217: custom_data :
** Message: environement.vala:218: data_dirs :/usr/local/share:/usr/share:/usr/share/gdm:/var/lib/menu-xdg
** Message: environement.vala:219: data_dirs not null, export : /usr/local/share:/usr/share:/usr/share/gdm:/var/lib/menu-xdg
** Message: environement.vala:224: Exporting XDG_DATA_DIRS
** Message: utils.vala:79: Config system location : /etc/xdg/lxsession/LXDE
** Message: utils.vala:85: System system path location : (null)
** Message: utils.vala:89: Final file used : (null)
** Message: options.vala:164: Activate xsettings_manager build-in
** Message: utils.vala:79: Config system location : /etc/xdg/lxsession/LXDE
** Message: utils.vala:85: System system path location : (null)
** Message: utils.vala:89: Final file used : (null)

(x-session-manager:2385): GLib-CRITICAL **: g_key_file_load_from_file: assertion 'file != NULL' failed
** Message: utils.vala:79: Config system location : /etc/xdg/lxsession/LXDE
** Message: utils.vala:85: System system path location : (null)
** Message: utils.vala:89: Final file used : (null)

(x-session-manager:2385): GLib-GIO-CRITICAL **: g_file_new_for_path: assertion 'path != NULL' failed

(x-session-manager:2385): GLib-GIO-CRITICAL **: g_file_get_path: assertion 'G_IS_FILE (file)' failed
** Message: autostart.vala:42: Autostart path : (null)

(x-session-manager:2385): GLib-GIO-CRITICAL **: g_file_query_exists: assertion 'G_IS_FILE(file)' failed
** Message: options.vala:107: Create build-in Clipboard
** Message: main.vala:429: Check keymap_mode (null)
xprop:  no such property "_NET_NUMBER_OF_DESKTOPS"
xprop:  no such property "_NET_DESKTOP_NAMES"
SSH_AUTH_SOCK=/tmp/ssh-aL0cUnNlsPjS/agent.2437; export SSH_AUTH_SOCK;
SSH_AGENT_PID=2438; export SSH_AGENT_PID;
echo Agent pid 2438;
** Message: app.vala:76: Launching /usr/bin/ssh-agent 
** Message: app.vala:130: /usr/bin/ssh-agent exit with this type of exit: 0
/etc/xdg/autostart/gnome-keyring-ssh.desktop
/etc/xdg/autostart/gnome-keyring-gpg.desktop
/etc/xdg/autostart/nvidia-settings-autostart.desktop
/etc/xdg/autostart/update-notifier.desktop
/etc/xdg/autostart/gnome-keyring-secrets.desktop
/etc/xdg/autostart/light-locker.desktop
/etc/xdg/autostart/gnome-keyring-pkcs11.desktop
/etc/xdg/autostart/user-dirs-update-gtk.desktop
/etc/xdg/autostart/print-applet.desktop
/etc/xdg/autostart/blueman.desktop
/etc/xdg/autostart/xfce4-power-manager.desktop
/etc/xdg/autostart/gsettings-data-convert.desktop
/etc/xdg/autostart/indicator-application.desktop
/etc/xdg/autostart/pulseaudio.desktop
/etc/xdg/autostart/polkit-gnome-authentication-agent-1.desktop
/etc/xdg/autostart/at-spi-dbus-bus.desktop
/etc/xdg/autostart/pulseaudio-kde.desktop
process 2454: arguments to dbus_message_new_method_call() were incorrect, assertion "path != NULL" failed in file ../../dbus/dbus-message.c line 1263.
This is normally a bug in some application using the D-Bus library.

ERROR: Error querying target relations

